c:\users\y_here\desktop\uad_progra3\binaries\intermediate\x86\debug\vc141.pdb
c:\users\y_here\desktop\uad_progra3\binaries\intermediate\x86\debug\vc141.idb
c:\users\y_here\desktop\uad_progra3\binaries\intermediate\x86\debug\uad_progra3.obj
c:\users\y_here\desktop\uad_progra3\binaries\intermediate\x86\debug\stdafx.obj
c:\users\y_here\desktop\uad_progra3\binaries\intermediate\x86\debug\loadtga.obj
c:\users\y_here\desktop\uad_progra3\binaries\intermediate\x86\debug\loadshaders.obj
c:\users\y_here\desktop\uad_progra3\binaries\intermediate\x86\debug\cvector3.obj
c:\users\y_here\desktop\uad_progra3\binaries\intermediate\x86\debug\copenglshaderprogram.obj
c:\users\y_here\desktop\uad_progra3\binaries\intermediate\x86\debug\copenglrenderer.obj
c:\users\y_here\desktop\uad_progra3\binaries\intermediate\x86\debug\cgamewindow.obj
c:\users\y_here\desktop\uad_progra3\binaries\intermediate\x86\debug\cgamemenuitem.obj
c:\users\y_here\desktop\uad_progra3\binaries\intermediate\x86\debug\cgamemenu.obj
c:\users\y_here\desktop\uad_progra3\binaries\intermediate\x86\debug\ccirculardoublelinkedlistnode.obj
c:\users\y_here\desktop\uad_progra3\binaries\intermediate\x86\debug\ccirculardoublelinkedlist.obj
c:\users\y_here\desktop\uad_progra3\binaries\intermediate\x86\debug\cappobjloader.obj
c:\users\y_here\desktop\uad_progra3\binaries\intermediate\x86\debug\cappempty.obj
c:\users\y_here\desktop\uad_progra3\binaries\intermediate\x86\debug\cappcubetest.obj
c:\users\y_here\desktop\uad_progra3\binaries\intermediate\x86\debug\capp.obj
c:\users\y_here\desktop\uad_progra3\binaries\intermediate\x86\debug\c3dmodel_obj.obj
c:\users\y_here\desktop\uad_progra3\binaries\intermediate\x86\debug\c3dmodel.obj
c:\users\y_here\desktop\uad_progra3\binaries\intermediate\x86\debug\cappgeometricfigures.obj
c:\users\y_here\desktop\uad_progra3\binaries\intermediate\x86\debug\capphexgrid.obj
c:\users\y_here\desktop\uad_progra3\binaries\intermediate\x86\debug\cgridcell.obj
c:\users\y_here\desktop\uad_progra3\binaries\intermediate\x86\debug\cgrid.obj
c:\users\y_here\desktop\uad_progra3\binaries\intermediate\x86\debug\glad.obj
c:\users\y_here\desktop\uad_progra3\binaries\exe\x86\debug\uad_progra3.exe
c:\users\y_here\desktop\uad_progra3\binaries\exe\x86\debug\uad_progra3.ilk
c:\users\y_here\desktop\uad_progra3\binaries\exe\x86\debug\uad_progra3.pdb
c:\users\y_here\desktop\uad_progra3\binaries\intermediate\x86\debug\cappgeometricfigures.obj.enc
c:\users\y_here\desktop\uad_progra3\binaries\intermediate\x86\debug\uad_progra3.obj.enc
c:\users\y_here\desktop\uad_progra3\binaries\intermediate\x86\debug\uad_progra3.tlog\cl.command.1.tlog
c:\users\y_here\desktop\uad_progra3\binaries\intermediate\x86\debug\uad_progra3.tlog\cl.read.1.tlog
c:\users\y_here\desktop\uad_progra3\binaries\intermediate\x86\debug\uad_progra3.tlog\cl.write.1.tlog
c:\users\y_here\desktop\uad_progra3\binaries\intermediate\x86\debug\uad_progra3.tlog\link.command.1.tlog
c:\users\y_here\desktop\uad_progra3\binaries\intermediate\x86\debug\uad_progra3.tlog\link.read.1.tlog
c:\users\y_here\desktop\uad_progra3\binaries\intermediate\x86\debug\uad_progra3.tlog\link.write.1.tlog
